<?xml version="1.0" encoding="UTF-8"?>
<!-- Generated by org.testng.reporters.JUnitReportReporter -->
<testsuite hostname="DESKTOP-RGGV7IL" failures="0" tests="1" name="runner.loginRunner" time="14.240" errors="0" timestamp="2024-03-12T12:58:07 IST" skipped="0">
  <testcase classname="runner.loginRunner" name="runScenario" time="14.240"/>
  <system-out/>
</testsuite> <!-- runner.loginRunner -->
