<?xml version="1.0" encoding="UTF-8"?>
<!-- Generated by org.testng.reporters.JUnitReportReporter -->
<testsuite hostname="DESKTOP-RGGV7IL" failures="0" tests="1" name="runner.loginRunner" time="10.382" errors="0" timestamp="2024-03-12T13:10:36 IST" skipped="0">
  <testcase classname="runner.loginRunner" name="runScenario" time="10.382"/>
  <system-out/>
</testsuite> <!-- runner.loginRunner -->
